Start testing: Jan 04 04:17 GMT
----------------------------------------------------------
13/14 Testing: allocator_props
13/14 Test: allocator_props
Command: "/Users/connorcolyer/Documents/CODE/PortfolioExp/build/allocator_props"
Directory: /Users/connorcolyer/Documents/CODE/PortfolioExp/build
"allocator_props" start time: Jan 04 04:17 GMT
Output:
----------------------------------------------------------
Randomness seeded to: 397594684
===============================================================================
All tests passed (265681 assertions in 2 test cases)

<end of output>
Test time =   0.02 sec
----------------------------------------------------------
Test Passed.
"allocator_props" end time: Jan 04 04:17 GMT
"allocator_props" time elapsed: 00:00:00
----------------------------------------------------------

14/14 Testing: governor_props
14/14 Test: governor_props
Command: "/Users/connorcolyer/Documents/CODE/PortfolioExp/build/governor_props"
Directory: /Users/connorcolyer/Documents/CODE/PortfolioExp/build
"governor_props" start time: Jan 04 04:17 GMT
Output:
----------------------------------------------------------
Randomness seeded to: 1953607711

~~~~~~~~~~~~~~~~~~~~~~~~~~~~~~~~~~~~~~~~~~~~~~~~~~~~~~~~~~~~~~~~~~~~~~~~~~~~~~~
governor_props is a Catch2 v3.5.4 host application.
Run with -? for options

-------------------------------------------------------------------------------
RiskGovernor properties: caps/sum/turnover/idempotence
-------------------------------------------------------------------------------
/Users/connorcolyer/Documents/CODE/PortfolioExp/engine/tests/governor_props.cpp:20
...............................................................................

/Users/connorcolyer/Documents/CODE/PortfolioExp/engine/tests/governor_props.cpp:64: FAILED:
  REQUIRE( t <= cfg.max_turnover + 1e-9 )
with expansion:
  0.2835294924 <= 0.250000001

===============================================================================
test cases:   1 |   0 passed | 1 failed
assertions: 173 | 172 passed | 1 failed

<end of output>
Test time =   0.00 sec
----------------------------------------------------------
Test Failed.
"governor_props" end time: Jan 04 04:17 GMT
"governor_props" time elapsed: 00:00:00
----------------------------------------------------------

End testing: Jan 04 04:17 GMT
